<?xml version="1.0" encoding="UTF-8"?>
<testng-results ignored="0" total="2" passed="2" failed="0" skipped="0">
  <reporter-output>
  </reporter-output>
  <suite started-at="2025-04-11T12:20:37 IST" name="Grouping" finished-at="2025-04-11T12:20:43 IST" duration-ms="5805">
    <groups>
      <group name="smoke">
        <method signature="LoginTest.verifyWhetherUserIsAbleToLoginWithValidUsernameAndInvalidPassword()[pri:2, instance:testscripts.LoginTest@13c9d689]" name="verifyWhetherUserIsAbleToLoginWithValidUsernameAndInvalidPassword" class="testscripts.LoginTest"/>
        <method signature="LoginTest.verifyWhetherUserIsAbleToLoginWithInValidUsernameAndValidPassword()[pri:3, instance:testscripts.LoginTest@13c9d689]" name="verifyWhetherUserIsAbleToLoginWithInValidUsernameAndValidPassword" class="testscripts.LoginTest"/>
      </group> <!-- smoke -->
    </groups>
    <test started-at="2025-04-11T12:20:37 IST" name="Test" finished-at="2025-04-11T12:20:43 IST" duration-ms="5805">
      <class name="testscripts.LoginTest">
        <test-method is-config="true" signature="initialiseBrowser(java.lang.String)[pri:0, instance:testscripts.LoginTest@13c9d689]" started-at="2025-04-11T12:20:37 IST" name="initialiseBrowser" finished-at="2025-04-11T12:20:40 IST" duration-ms="2985" status="PASS">
          <params>
            <param index="0">
              <value>
                <![CDATA[Chrome]]>
              </value>
            </param>
          </params>
          <reporter-output>
          </reporter-output>
        </test-method> <!-- initialiseBrowser -->
        <test-method signature="verifyWhetherUserIsAbleToLoginWithValidUsernameAndInvalidPassword()[pri:2, instance:testscripts.LoginTest@13c9d689]" started-at="2025-04-11T12:20:40 IST" name="verifyWhetherUserIsAbleToLoginWithValidUsernameAndInvalidPassword" description="Verify whether user is able to login with valid username and invalid password" finished-at="2025-04-11T12:20:41 IST" duration-ms="767" status="PASS">
          <reporter-output>
          </reporter-output>
        </test-method> <!-- verifyWhetherUserIsAbleToLoginWithValidUsernameAndInvalidPassword -->
        <test-method is-config="true" signature="driverQuit(org.testng.ITestResult)[pri:0, instance:testscripts.LoginTest@13c9d689]" started-at="2025-04-11T12:20:41 IST" name="driverQuit" finished-at="2025-04-11T12:20:41 IST" duration-ms="137" status="PASS">
          <params>
            <param index="0">
              <value>
                <![CDATA[[TestResult name=verifyWhetherUserIsAbleToLoginWithValidUsernameAndInvalidPassword status=SUCCESS method=LoginTest.verifyWhetherUserIsAbleToLoginWithValidUsernameAndInvalidPassword()[pri:2, instance:testscripts.LoginTest@13c9d689] output={null}]]]>
              </value>
            </param>
          </params>
          <reporter-output>
          </reporter-output>
        </test-method> <!-- driverQuit -->
        <test-method is-config="true" signature="initialiseBrowser(java.lang.String)[pri:0, instance:testscripts.LoginTest@13c9d689]" started-at="2025-04-11T12:20:41 IST" name="initialiseBrowser" finished-at="2025-04-11T12:20:42 IST" duration-ms="1406" status="PASS">
          <params>
            <param index="0">
              <value>
                <![CDATA[Chrome]]>
              </value>
            </param>
          </params>
          <reporter-output>
          </reporter-output>
        </test-method> <!-- initialiseBrowser -->
        <test-method signature="verifyWhetherUserIsAbleToLoginWithInValidUsernameAndValidPassword()[pri:3, instance:testscripts.LoginTest@13c9d689]" started-at="2025-04-11T12:20:42 IST" name="verifyWhetherUserIsAbleToLoginWithInValidUsernameAndValidPassword" description="Verify whether user is able to login with invalid username and valid password" finished-at="2025-04-11T12:20:43 IST" duration-ms="356" status="PASS">
          <reporter-output>
          </reporter-output>
        </test-method> <!-- verifyWhetherUserIsAbleToLoginWithInValidUsernameAndValidPassword -->
        <test-method is-config="true" signature="driverQuit(org.testng.ITestResult)[pri:0, instance:testscripts.LoginTest@13c9d689]" started-at="2025-04-11T12:20:43 IST" name="driverQuit" finished-at="2025-04-11T12:20:43 IST" duration-ms="121" status="PASS">
          <params>
            <param index="0">
              <value>
                <![CDATA[[TestResult name=verifyWhetherUserIsAbleToLoginWithInValidUsernameAndValidPassword status=SUCCESS method=LoginTest.verifyWhetherUserIsAbleToLoginWithInValidUsernameAndValidPassword()[pri:3, instance:testscripts.LoginTest@13c9d689] output={null}]]]>
              </value>
            </param>
          </params>
          <reporter-output>
          </reporter-output>
        </test-method> <!-- driverQuit -->
      </class> <!-- testscripts.LoginTest -->
    </test> <!-- Test -->
  </suite> <!-- Grouping -->
</testng-results>
