<?xml version="1.0" encoding="UTF-8"?>
<!-- Generated by org.testng.reporters.JUnitXMLReporter -->
<testsuite ignored="0" hostname="NAA" failures="0" tests="13" name="Test" time="36.201" errors="0" timestamp="2025-04-11T12:18:25 IST">
  <testcase classname="testscripts.LoginTest" name="verifyWhetherUserIsAbleToLoginWithInvalidCredentials" time="0.317"/>
  <testcase classname="testscripts.LoginTest" name="verifyWhetherUserIsAbleToLoginWithInvalidCredentials" time="0.296"/>
  <testcase classname="testscripts.LoginTest" name="verifyWhetherUserIsAbleToLoginWithValidUsernameAndInvalidPassword" time="0.797"/>
  <testcase classname="testscripts.LoginTest" name="verifyWhetherUserIsAbleToLoginWithInValidUsernameAndValidPassword" time="0.385"/>
  <testcase classname="testscripts.LoginTest" name="verifyWhetherUserIsAbleToLoginWithValidCredentials" time="0.499"/>
  <testcase classname="testscripts.HomeTest" name="verifyWhetherUserIsAbleToLogoutSuccessfully" time="0.807"/>
  <testcase classname="testscripts.SubCategoryTest" name="verifyWhetherUserIsAbleToAddANewCategoryOnTheSubCategoryPage" time="4.433"/>
  <testcase classname="testscripts.SubCategoryTest" name="verifyWhetherUserIsAbleToPerformSearchOnTheSubCategoryPage" time="1.319"/>
  <testcase classname="testscripts.ManageUsersTest" name="verifyWhetherUserIsAbleToNavigateToManageUsersPageAndAddANewUser" time="1.674"/>
  <testcase classname="testscripts.ManageUsersTest" name="verifyWhetherUserIsAbleToNavigateToManageUsersPageAndSearchForAUser" time="1.268"/>
  <testcase classname="testscripts.ManageUsersTest" name="verifyWhetherUserIsAbleToNavigateToManageUsersPageAndPerformAReset" time="1.511"/>
  <testcase classname="testscripts.ManageNewsTest" name="verifyWhetherUserIsAbleToNavigateToManageNewsPageAndAddANews" time="1.172"/>
  <testcase classname="testscripts.ManageNewsTest" name="verifyWhetherUserIsAbleToNavigateToManageNewsPageAndSearchANews" time="0.938"/>
</testsuite> <!-- Test -->
